<?xml version="1.0" encoding="UTF-8"?>
<!-- Generated by org.testng.reporters.JUnitXMLReporter -->
<testsuite ignored="0" hostname="LTIN280248" failures="0" tests="17" name="Default test" time="78.523" errors="0" timestamp="2024-02-27T14:58:17 IST">
  <testcase classname="testCase.TC_001_NewBikeTest" name="newBike" time="3.705"/>
  <testcase classname="testCase.TC_001_NewBikeTest" name="upcomingBike" time="7.472"/>
  <testcase classname="testCase.TC_001_NewBikeTest" name="manufacture_select" time="2.904"/>
  <testcase classname="testCase.TC_001_NewBikeTest" name="scrolldown" time="2.509"/>
  <testcase classname="testCase.TC_001_NewBikeTest" name="clickLoad" time="1.178"/>
  <testcase classname="testCase.TC_001_NewBikeTest" name="Details" time="4.852"/>
  <testcase classname="testCase.TC_001_NewBikeTest" name="NavigateBack" time="1.136"/>
  <testcase classname="testCase.TC_001_NewBikeTest" name="usedCars_dropdown" time="0.598"/>
  <testcase classname="testCase.TC_001_NewBikeTest" name="call_select_channai" time="41.366"/>
  <testcase classname="testCase.TC_001_NewBikeTest" name="call_popular_cars" time="0.567"/>
  <testcase classname="testCase.TC_001_NewBikeTest" name="scroll_popularcars" time="0.767"/>
  <testcase classname="testCase.TC_001_NewBikeTest" name="NavigateBackto" time="1.165"/>
  <testcase classname="testCase.TC_001_NewBikeTest" name="click_login" time="1.342"/>
  <testcase classname="testCase.TC_001_NewBikeTest" name="click_Google" time="1.347"/>
  <testcase classname="testCase.TC_001_NewBikeTest" name="Handle_Frame" time="2.266"/>
  <testcase classname="testCase.TC_001_NewBikeTest" name="Email_input" time="2.673"/>
  <testcase classname="testCase.TC_001_NewBikeTest" name="Error_Msg" time="0.47"/>
</testsuite> <!-- Default test -->
