<?xml version="1.0" encoding="UTF-8"?>
<!-- Generated by org.testng.reporters.JUnitXMLReporter -->
<testsuite ignored="0" hostname="LTIN280248" failures="0" tests="17" name="Test" time="65.275" errors="0" timestamp="2024-02-29T14:36:59 IST">
  <testcase classname="testCase.TC_001_NewBikeTest" name="newBike" time="2.391"/>
  <testcase classname="testCase.TC_001_NewBikeTest" name="upcomingBike" time="9.144"/>
  <testcase classname="testCase.TC_001_NewBikeTest" name="manufacture_select" time="3.04"/>
  <testcase classname="testCase.TC_001_NewBikeTest" name="scrolldown" time="1.551"/>
  <testcase classname="testCase.TC_001_NewBikeTest" name="clickLoad" time="0.915"/>
  <testcase classname="testCase.TC_001_NewBikeTest" name="Details" time="5.625"/>
  <testcase classname="testCase.TC_001_NewBikeTest" name="NavigateBack" time="3.487"/>
  <testcase classname="testCase.TC_001_NewBikeTest" name="usedCars_dropdown" time="0.847"/>
  <testcase classname="testCase.TC_001_NewBikeTest" name="call_select_channai" time="6.471"/>
  <testcase classname="testCase.TC_001_NewBikeTest" name="scroll_popularcars" time="0.686"/>
  <testcase classname="testCase.TC_001_NewBikeTest" name="call_popular_cars" time="0.614"/>
  <testcase classname="testCase.TC_001_NewBikeTest" name="NavigateBackto" time="2.006"/>
  <testcase classname="testCase.TC_001_NewBikeTest" name="click_login" time="1.099"/>
  <testcase classname="testCase.TC_001_NewBikeTest" name="click_Google" time="1.477"/>
  <testcase classname="testCase.TC_001_NewBikeTest" name="Handle_Frame" time="2.392"/>
  <testcase classname="testCase.TC_001_NewBikeTest" name="Email_input" time="2.65"/>
  <testcase classname="testCase.TC_001_NewBikeTest" name="Error_Msg" time="0.788"/>
</testsuite> <!-- Test -->
