<?xml version="1.0" encoding="UTF-8"?>
<testng-results ignored="0" total="17" passed="17" failed="0" skipped="0">
  <reporter-output>
  </reporter-output>
  <suite started-at="2024-02-27T15:20:28 IST" name="Suite" finished-at="2024-02-27T15:21:38 IST" duration-ms="69783">
    <groups>
      <group name="Regression">
        <method signature="TC_001_NewBikeTest.newBike()[pri:1, instance:testCase.TC_001_NewBikeTest@30404dba]" name="newBike" class="testCase.TC_001_NewBikeTest"/>
        <method signature="TC_001_NewBikeTest.upcomingBike()[pri:2, instance:testCase.TC_001_NewBikeTest@30404dba]" name="upcomingBike" class="testCase.TC_001_NewBikeTest"/>
        <method signature="TC_001_NewBikeTest.manufacture_select()[pri:3, instance:testCase.TC_001_NewBikeTest@30404dba]" name="manufacture_select" class="testCase.TC_001_NewBikeTest"/>
        <method signature="TC_001_NewBikeTest.scrolldown()[pri:4, instance:testCase.TC_001_NewBikeTest@30404dba]" name="scrolldown" class="testCase.TC_001_NewBikeTest"/>
        <method signature="TC_001_NewBikeTest.clickLoad()[pri:5, instance:testCase.TC_001_NewBikeTest@30404dba]" name="clickLoad" class="testCase.TC_001_NewBikeTest"/>
        <method signature="TC_001_NewBikeTest.Details()[pri:6, instance:testCase.TC_001_NewBikeTest@30404dba]" name="Details" class="testCase.TC_001_NewBikeTest"/>
        <method signature="TC_001_NewBikeTest.NavigateBack()[pri:7, instance:testCase.TC_001_NewBikeTest@30404dba]" name="NavigateBack" class="testCase.TC_001_NewBikeTest"/>
        <method signature="TC_001_NewBikeTest.usedCars_dropdown()[pri:8, instance:testCase.TC_001_NewBikeTest@30404dba]" name="usedCars_dropdown" class="testCase.TC_001_NewBikeTest"/>
        <method signature="TC_001_NewBikeTest.call_select_channai()[pri:9, instance:testCase.TC_001_NewBikeTest@30404dba]" name="call_select_channai" class="testCase.TC_001_NewBikeTest"/>
        <method signature="TC_001_NewBikeTest.call_popular_cars()[pri:10, instance:testCase.TC_001_NewBikeTest@30404dba]" name="call_popular_cars" class="testCase.TC_001_NewBikeTest"/>
        <method signature="TC_001_NewBikeTest.scroll_popularcars()[pri:11, instance:testCase.TC_001_NewBikeTest@30404dba]" name="scroll_popularcars" class="testCase.TC_001_NewBikeTest"/>
        <method signature="TC_001_NewBikeTest.NavigateBackto()[pri:12, instance:testCase.TC_001_NewBikeTest@30404dba]" name="NavigateBackto" class="testCase.TC_001_NewBikeTest"/>
        <method signature="TC_001_NewBikeTest.click_login()[pri:13, instance:testCase.TC_001_NewBikeTest@30404dba]" name="click_login" class="testCase.TC_001_NewBikeTest"/>
        <method signature="TC_001_NewBikeTest.click_Google()[pri:14, instance:testCase.TC_001_NewBikeTest@30404dba]" name="click_Google" class="testCase.TC_001_NewBikeTest"/>
        <method signature="TC_001_NewBikeTest.Handle_Frame()[pri:15, instance:testCase.TC_001_NewBikeTest@30404dba]" name="Handle_Frame" class="testCase.TC_001_NewBikeTest"/>
        <method signature="TC_001_NewBikeTest.Email_input()[pri:16, instance:testCase.TC_001_NewBikeTest@30404dba]" name="Email_input" class="testCase.TC_001_NewBikeTest"/>
        <method signature="TC_001_NewBikeTest.Error_Msg()[pri:17, instance:testCase.TC_001_NewBikeTest@30404dba]" name="Error_Msg" class="testCase.TC_001_NewBikeTest"/>
      </group> <!-- Regression -->
      <group name="Smoke">
        <method signature="TC_001_NewBikeTest.newBike()[pri:1, instance:testCase.TC_001_NewBikeTest@30404dba]" name="newBike" class="testCase.TC_001_NewBikeTest"/>
        <method signature="TC_001_NewBikeTest.upcomingBike()[pri:2, instance:testCase.TC_001_NewBikeTest@30404dba]" name="upcomingBike" class="testCase.TC_001_NewBikeTest"/>
        <method signature="TC_001_NewBikeTest.manufacture_select()[pri:3, instance:testCase.TC_001_NewBikeTest@30404dba]" name="manufacture_select" class="testCase.TC_001_NewBikeTest"/>
        <method signature="TC_001_NewBikeTest.scrolldown()[pri:4, instance:testCase.TC_001_NewBikeTest@30404dba]" name="scrolldown" class="testCase.TC_001_NewBikeTest"/>
        <method signature="TC_001_NewBikeTest.clickLoad()[pri:5, instance:testCase.TC_001_NewBikeTest@30404dba]" name="clickLoad" class="testCase.TC_001_NewBikeTest"/>
        <method signature="TC_001_NewBikeTest.Details()[pri:6, instance:testCase.TC_001_NewBikeTest@30404dba]" name="Details" class="testCase.TC_001_NewBikeTest"/>
        <method signature="TC_001_NewBikeTest.NavigateBack()[pri:7, instance:testCase.TC_001_NewBikeTest@30404dba]" name="NavigateBack" class="testCase.TC_001_NewBikeTest"/>
        <method signature="TC_001_NewBikeTest.usedCars_dropdown()[pri:8, instance:testCase.TC_001_NewBikeTest@30404dba]" name="usedCars_dropdown" class="testCase.TC_001_NewBikeTest"/>
        <method signature="TC_001_NewBikeTest.call_select_channai()[pri:9, instance:testCase.TC_001_NewBikeTest@30404dba]" name="call_select_channai" class="testCase.TC_001_NewBikeTest"/>
      </group> <!-- Smoke -->
    </groups>
    <test started-at="2024-02-27T15:20:28 IST" name="Test" finished-at="2024-02-27T15:21:38 IST" duration-ms="69783">
      <class name="testCase.TC_001_NewBikeTest">
        <test-method is-config="true" signature="setup()[pri:0, instance:testCase.TC_001_NewBikeTest@30404dba]" started-at="2024-02-27T15:19:26 IST" name="setup" finished-at="2024-02-27T15:20:28 IST" duration-ms="62005" status="PASS">
          <reporter-output>
          </reporter-output>
        </test-method> <!-- setup -->
        <test-method signature="newBike()[pri:1, instance:testCase.TC_001_NewBikeTest@30404dba]" started-at="2024-02-27T15:20:29 IST" name="newBike" finished-at="2024-02-27T15:20:30 IST" duration-ms="1082" status="PASS">
          <reporter-output>
          </reporter-output>
        </test-method> <!-- newBike -->
        <test-method signature="upcomingBike()[pri:2, instance:testCase.TC_001_NewBikeTest@30404dba]" started-at="2024-02-27T15:20:30 IST" name="upcomingBike" finished-at="2024-02-27T15:20:37 IST" duration-ms="6740" status="PASS">
          <reporter-output>
          </reporter-output>
        </test-method> <!-- upcomingBike -->
        <test-method signature="manufacture_select()[pri:3, instance:testCase.TC_001_NewBikeTest@30404dba]" started-at="2024-02-27T15:20:37 IST" name="manufacture_select" finished-at="2024-02-27T15:20:40 IST" duration-ms="2972" status="PASS">
          <reporter-output>
          </reporter-output>
        </test-method> <!-- manufacture_select -->
        <test-method signature="scrolldown()[pri:4, instance:testCase.TC_001_NewBikeTest@30404dba]" started-at="2024-02-27T15:20:40 IST" name="scrolldown" finished-at="2024-02-27T15:20:40 IST" duration-ms="577" status="PASS">
          <reporter-output>
          </reporter-output>
        </test-method> <!-- scrolldown -->
        <test-method signature="clickLoad()[pri:5, instance:testCase.TC_001_NewBikeTest@30404dba]" started-at="2024-02-27T15:20:40 IST" name="clickLoad" finished-at="2024-02-27T15:20:41 IST" duration-ms="425" status="PASS">
          <reporter-output>
          </reporter-output>
        </test-method> <!-- clickLoad -->
        <test-method signature="Details()[pri:6, instance:testCase.TC_001_NewBikeTest@30404dba]" started-at="2024-02-27T15:20:41 IST" name="Details" finished-at="2024-02-27T15:20:44 IST" duration-ms="3240" status="PASS">
          <reporter-output>
          </reporter-output>
        </test-method> <!-- Details -->
        <test-method signature="NavigateBack()[pri:7, instance:testCase.TC_001_NewBikeTest@30404dba]" started-at="2024-02-27T15:20:44 IST" name="NavigateBack" finished-at="2024-02-27T15:20:46 IST" duration-ms="2507" status="PASS">
          <reporter-output>
          </reporter-output>
        </test-method> <!-- NavigateBack -->
        <test-method signature="usedCars_dropdown()[pri:8, instance:testCase.TC_001_NewBikeTest@30404dba]" started-at="2024-02-27T15:20:46 IST" name="usedCars_dropdown" finished-at="2024-02-27T15:20:47 IST" duration-ms="502" status="PASS">
          <reporter-output>
          </reporter-output>
        </test-method> <!-- usedCars_dropdown -->
        <test-method signature="call_select_channai()[pri:9, instance:testCase.TC_001_NewBikeTest@30404dba]" started-at="2024-02-27T15:20:47 IST" name="call_select_channai" finished-at="2024-02-27T15:21:29 IST" duration-ms="41978" status="PASS">
          <reporter-output>
          </reporter-output>
        </test-method> <!-- call_select_channai -->
        <test-method signature="call_popular_cars()[pri:10, instance:testCase.TC_001_NewBikeTest@30404dba]" started-at="2024-02-27T15:21:29 IST" name="call_popular_cars" finished-at="2024-02-27T15:21:29 IST" duration-ms="354" status="PASS">
          <reporter-output>
          </reporter-output>
        </test-method> <!-- call_popular_cars -->
        <test-method signature="scroll_popularcars()[pri:11, instance:testCase.TC_001_NewBikeTest@30404dba]" started-at="2024-02-27T15:21:29 IST" name="scroll_popularcars" finished-at="2024-02-27T15:21:30 IST" duration-ms="367" status="PASS">
          <reporter-output>
          </reporter-output>
        </test-method> <!-- scroll_popularcars -->
        <test-method signature="NavigateBackto()[pri:12, instance:testCase.TC_001_NewBikeTest@30404dba]" started-at="2024-02-27T15:21:30 IST" name="NavigateBackto" finished-at="2024-02-27T15:21:30 IST" duration-ms="796" status="PASS">
          <reporter-output>
          </reporter-output>
        </test-method> <!-- NavigateBackto -->
        <test-method signature="click_login()[pri:13, instance:testCase.TC_001_NewBikeTest@30404dba]" started-at="2024-02-27T15:21:30 IST" name="click_login" finished-at="2024-02-27T15:21:31 IST" duration-ms="698" status="PASS">
          <reporter-output>
          </reporter-output>
        </test-method> <!-- click_login -->
        <test-method signature="click_Google()[pri:14, instance:testCase.TC_001_NewBikeTest@30404dba]" started-at="2024-02-27T15:21:31 IST" name="click_Google" finished-at="2024-02-27T15:21:32 IST" duration-ms="1001" status="PASS">
          <reporter-output>
          </reporter-output>
        </test-method> <!-- click_Google -->
        <test-method signature="Handle_Frame()[pri:15, instance:testCase.TC_001_NewBikeTest@30404dba]" started-at="2024-02-27T15:21:32 IST" name="Handle_Frame" finished-at="2024-02-27T15:21:35 IST" duration-ms="2655" status="PASS">
          <reporter-output>
          </reporter-output>
        </test-method> <!-- Handle_Frame -->
        <test-method signature="Email_input()[pri:16, instance:testCase.TC_001_NewBikeTest@30404dba]" started-at="2024-02-27T15:21:35 IST" name="Email_input" finished-at="2024-02-27T15:21:36 IST" duration-ms="1652" status="PASS">
          <reporter-output>
          </reporter-output>
        </test-method> <!-- Email_input -->
        <test-method signature="Error_Msg()[pri:17, instance:testCase.TC_001_NewBikeTest@30404dba]" started-at="2024-02-27T15:21:36 IST" name="Error_Msg" finished-at="2024-02-27T15:21:37 IST" duration-ms="254" status="PASS">
          <reporter-output>
          </reporter-output>
        </test-method> <!-- Error_Msg -->
        <test-method is-config="true" signature="tearDown()[pri:0, instance:testCase.TC_001_NewBikeTest@30404dba]" started-at="2024-02-27T15:21:37 IST" name="tearDown" finished-at="2024-02-27T15:21:38 IST" duration-ms="1213" status="PASS">
          <reporter-output>
          </reporter-output>
        </test-method> <!-- tearDown -->
      </class> <!-- testCase.TC_001_NewBikeTest -->
    </test> <!-- Test -->
  </suite> <!-- Suite -->
</testng-results>
